<?xml version="1.0" encoding="UTF-8"?>
<!-- Generated by org.testng.reporters.JUnitReportReporter -->
<testsuite hostname="DEC1486" failures="0" tests="1" name="day43.pack1.C2" time="0.001" errors="0" timestamp="2025-07-30T20:33:02 IST" skipped="0">
  <testcase classname="day43.pack1.C2" name="advSearch" time="0.001"/>
</testsuite> <!-- day43.pack1.C2 -->
