<?xml version="1.0" encoding="UTF-8"?>
<!-- Generated by org.testng.reporters.JUnitReportReporter -->
<testsuite hostname="DEC1486" failures="0" tests="3" name="day44.LoginTest" time="0.014" errors="0" timestamp="2025-07-31T22:38:28 IST" skipped="0">
  <testcase classname="day44.LoginTest" name="loginUsingEmail" time="0.009"/>
  <testcase classname="day44.LoginTest" name="loginUsingFacebook" time="0.003"/>
  <testcase classname="day44.LoginTest" name="loginUsingTwitter" time="0.002"/>
</testsuite> <!-- day44.LoginTest -->
