<?xml version="1.0" encoding="UTF-8"?>
<!-- Generated by org.testng.reporters.JUnitReportReporter -->
<testsuite hostname="DEC1486" failures="0" tests="4" name="day42.LoginOrangeHRM" time="8.702" errors="0" timestamp="2025-07-29T19:46:07 IST" skipped="0">
  <testcase classname="day42.LoginOrangeHRM" name="openPage" time="3.330"/>
  <testcase classname="day42.LoginOrangeHRM" name="checkLogo" time="3.073"/>
  <testcase classname="day42.LoginOrangeHRM" name="userLogin" time="0.159"/>
  <testcase classname="day42.LoginOrangeHRM" name="closeApp" time="2.140"/>
</testsuite> <!-- day42.LoginOrangeHRM -->
