<?xml version="1.0" encoding="UTF-8"?>
<!-- Generated by org.testng.reporters.JUnitReportReporter -->
<testsuite hostname="DEC1486" failures="0" tests="3" name="day42.FirstTCTestNG" time="0.005" errors="0" timestamp="2025-07-29T19:46:07 IST" skipped="0">
  <testcase classname="day42.FirstTCTestNG" name="openpage" time="0.000"/>
  <testcase classname="day42.FirstTCTestNG" name="login" time="0.003"/>
  <testcase classname="day42.FirstTCTestNG" name="logout" time="0.002"/>
</testsuite> <!-- day42.FirstTCTestNG -->
