<?xml version="1.0" encoding="UTF-8"?>
<!-- Generated by org.testng.reporters.JUnitReportReporter -->
<testsuite hostname="DEC1486" failures="0" tests="3" name="day44.SignupTest" time="0.006" errors="0" timestamp="2025-07-31T22:37:15 IST" skipped="0">
  <testcase classname="day44.SignupTest" name="signUpEmail" time="0.001"/>
  <testcase classname="day44.SignupTest" name="signUpFacebook" time="0.003"/>
  <testcase classname="day44.SignupTest" name="signUpTwitter" time="0.002"/>
</testsuite> <!-- day44.SignupTest -->
