<?xml version="1.0" encoding="UTF-8"?>
<!-- Generated by org.testng.reporters.JUnitReportReporter -->
<testsuite hostname="DEC1486" failures="0" tests="2" name="day43.AnnotationDemo1" time="0.025" errors="0" timestamp="2025-07-30T20:19:48 IST" skipped="0">
  <testcase classname="day43.AnnotationDemo1" name="search" time="0.013"/>
  <testcase classname="day43.AnnotationDemo1" name="advSearch" time="0.012"/>
</testsuite> <!-- day43.AnnotationDemo1 -->
