<?xml version="1.0" encoding="UTF-8"?>
<!-- Generated by org.testng.reporters.JUnitReportReporter -->
<testsuite hostname="DEC1486" failures="0" tests="2" name="day43.AnnotationDemo2" time="0.007" errors="0" timestamp="2025-07-30T20:21:28 IST" skipped="0">
  <testcase classname="day43.AnnotationDemo2" name="search" time="0.006"/>
  <testcase classname="day43.AnnotationDemo2" name="advSearch" time="0.001"/>
</testsuite> <!-- day43.AnnotationDemo2 -->
