<?xml version="1.0" encoding="UTF-8"?>
<!-- Generated by org.testng.reporters.JUnitReportReporter -->
<testsuite hostname="DEC1486" failures="0" tests="2" name="day44.PaymentTest" time="0.009" errors="0" timestamp="2025-07-31T22:39:32 IST" skipped="0">
  <testcase classname="day44.PaymentTest" name="paymentUsingRupee" time="0.001"/>
  <testcase classname="day44.PaymentTest" name="paymentUsingDollare" time="0.008"/>
</testsuite> <!-- day44.PaymentTest -->
