<?xml version="1.0" encoding="UTF-8"?>
<!-- Generated by org.testng.reporters.JUnitReportReporter -->
<testsuite hostname="DEC1486" failures="0" tests="2" name="day43.AllAnnotations" time="0.012" errors="0" timestamp="2025-07-30T20:38:38 IST" skipped="0">
  <testcase classname="day43.AllAnnotations" name="search" time="0.011"/>
  <testcase classname="day43.AllAnnotations" name="advSearch" time="0.001"/>
</testsuite> <!-- day43.AllAnnotations -->
