<?xml version="1.0" encoding="UTF-8"?>
<!-- Generated by org.testng.reporters.JUnitReportReporter -->
<testsuite hostname="DEC1486" failures="0" tests="2" name="day43.pack1.C3" time="0.006" errors="0" timestamp="2025-07-30T20:33:02 IST" skipped="0">
  <testcase classname="day43.pack1.C3" name="search" time="0.002"/>
  <testcase classname="day43.pack1.C3" name="advSearch" time="0.004"/>
</testsuite> <!-- day43.pack1.C3 -->
